<html>
<head>
<title>TestNG:  Web Tests</title>
<link href="../testng.css" rel="stylesheet" type="text/css" />
<link href="../my-testng.css" rel="stylesheet" type="text/css" />

<style type="text/css">
.log { display: none;} 
.stack-trace { display: none;} 
</style>
<script type="text/javascript">
<!--
function flip(e) {
  current = e.style.display;
  if (current == 'block') {
    e.style.display = 'none';
    return 0;
  }
  else {
    e.style.display = 'block';
    return 1;
  }
}

function toggleBox(szDivId, elem, msg1, msg2)
{
  var res = -1;  if (document.getElementById) {
    res = flip(document.getElementById(szDivId));
  }
  else if (document.all) {
    // this is the way old msie versions work
    res = flip(document.all[szDivId]);
  }
  if(elem) {
    if(res == 0) elem.innerHTML = msg1; else elem.innerHTML = msg2;
  }

}

function toggleAllBoxes() {
  if (document.getElementsByTagName) {
    d = document.getElementsByTagName('div');
    for (i = 0; i < d.length; i++) {
      if (d[i].className == 'log') {
        flip(d[i]);
      }
    }
  }
}

// -->
</script>

</head>
<body>
<h2 align='center'>Web Tests</h2><table border='1' align="center">
<tr>
<td>Tests passed/Failed/Skipped:</td><td>5/1/0</td>
</tr><tr>
<td>Started on:</td><td>Sat Apr 03 22:21:51 IDT 2021</td>
</tr>
<tr><td>Total time:</td><td>26 seconds (26697 ms)</td>
</tr><tr>
<td>Included groups:</td><td></td>
</tr><tr>
<td>Excluded groups:</td><td></td>
</tr>
</table><p/>
<small><i>(Hover the method name to see the test class name)</i></small><p/>
<table width='100%' border='1' class='invocation-failed'>
<tr><td colspan='4' align='center'><b>FAILED TESTS</b></td></tr>
<tr><td><b>Test method</b></td>
<td width="30%"><b>Exception</b></td>
<td width="10%"><b>Time (seconds)</b></td>
<td><b>Instance</b></td>
</tr>
<tr>
<td title='sanity.SwagLabsWebProducts.test07_VerifyWebLogo()'><b>test07_VerifyWebLogo</b><br>Test class: sanity.SwagLabsWebProducts<br>Test method: test 07 - Verify Logo</td>
<td><div><pre>java.lang.AssertionError: Error comparing image file: FindFailed: /Users/liozelinger/Documents/Final project/ImageRepository/SwagLabsLogo.png: (210x44) in R[0,0 2048x1152]@S(0)
  Line 2287, in file Region.java

	at extensions.Verifications.visualElement(Verifications.java:66)
	at sanity.SwagLabsWebProducts.test07_VerifyWebLogo(SwagLabsWebProducts.java:69)
	at java.base/java.util.ArrayList.forEach(ArrayList.java:1511)
... Removed 32 stack frames</pre></div><a href='#' onClick='toggleBox("stack-trace1237086644", this, "Click to show all stack frames", "Click to hide stack frames")'>Click to show all stack frames</a>
<div class='stack-trace' id='stack-trace1237086644'><pre>java.lang.AssertionError: Error comparing image file: FindFailed: /Users/liozelinger/Documents/Final project/ImageRepository/SwagLabsLogo.png: (210x44) in R[0,0 2048x1152]@S(0)
  Line 2287, in file Region.java

	at org.testng.Assert.fail(Assert.java:97)
	at extensions.Verifications.visualElement(Verifications.java:66)
	at sanity.SwagLabsWebProducts.test07_VerifyWebLogo(SwagLabsWebProducts.java:69)
	at java.base/jdk.internal.reflect.NativeMethodAccessorImpl.invoke0(Native Method)
	at java.base/jdk.internal.reflect.NativeMethodAccessorImpl.invoke(NativeMethodAccessorImpl.java:64)
	at java.base/jdk.internal.reflect.DelegatingMethodAccessorImpl.invoke(DelegatingMethodAccessorImpl.java:43)
	at java.base/java.lang.reflect.Method.invoke(Method.java:564)
	at org.testng.internal.MethodInvocationHelper.invokeMethod(MethodInvocationHelper.java:133)
	at org.testng.internal.TestInvoker.invokeMethod(TestInvoker.java:584)
	at org.testng.internal.TestInvoker.invokeTestMethod(TestInvoker.java:172)
	at org.testng.internal.MethodRunner.runInSequence(MethodRunner.java:46)
	at org.testng.internal.TestInvoker$MethodInvocationAgent.invoke(TestInvoker.java:804)
	at org.testng.internal.TestInvoker.invokeTestMethods(TestInvoker.java:145)
	at org.testng.internal.TestMethodWorker.invokeTestMethods(TestMethodWorker.java:146)
	at org.testng.internal.TestMethodWorker.run(TestMethodWorker.java:128)
	at java.base/java.util.ArrayList.forEach(ArrayList.java:1511)
	at org.testng.TestRunner.privateRun(TestRunner.java:770)
	at org.testng.TestRunner.run(TestRunner.java:591)
	at org.testng.SuiteRunner.runTest(SuiteRunner.java:402)
	at org.testng.SuiteRunner.runSequentially(SuiteRunner.java:396)
	at org.testng.SuiteRunner.privateRun(SuiteRunner.java:355)
	at org.testng.SuiteRunner.run(SuiteRunner.java:304)
	at org.testng.SuiteRunnerWorker.runSuite(SuiteRunnerWorker.java:53)
	at org.testng.SuiteRunnerWorker.run(SuiteRunnerWorker.java:96)
	at org.testng.TestNG.runSuitesSequentially(TestNG.java:1180)
	at org.testng.TestNG.runSuitesLocally(TestNG.java:1102)
	at org.testng.TestNG.runSuites(TestNG.java:1032)
	at org.testng.TestNG.run(TestNG.java:1000)
	at org.apache.maven.surefire.testng.TestNGExecutor.run(TestNGExecutor.java:283)
	at org.apache.maven.surefire.testng.TestNGXmlTestSuite.execute(TestNGXmlTestSuite.java:75)
	at org.apache.maven.surefire.testng.TestNGProvider.invoke(TestNGProvider.java:120)
	at org.apache.maven.surefire.booter.ForkedBooter.invokeProviderInSameClassLoader(ForkedBooter.java:384)
	at org.apache.maven.surefire.booter.ForkedBooter.runSuitesInProcess(ForkedBooter.java:345)
	at org.apache.maven.surefire.booter.ForkedBooter.execute(ForkedBooter.java:126)
	at org.apache.maven.surefire.booter.ForkedBooter.main(ForkedBooter.java:418)
</pre></div></td>
<td>16</td>
<td>sanity.SwagLabsWebProducts@5486887b</td></tr>
</table><p>
<table width='100%' border='1' class='invocation-passed'>
<tr><td colspan='4' align='center'><b>PASSED TESTS</b></td></tr>
<tr><td><b>Test method</b></td>
<td width="30%"><b>Exception</b></td>
<td width="10%"><b>Time (seconds)</b></td>
<td><b>Instance</b></td>
</tr>
<tr>
<td title='sanity.SwagLabsWebProducts.test04_verifyNumberOfItems()'><b>test04_verifyNumberOfItems</b><br>Test class: sanity.SwagLabsWebProducts<br>Test method: test 04 - Verify Number Of Items in Main page</td>
<td></td>
<td>0</td>
<td>sanity.SwagLabsWebProducts@5486887b</td></tr>
<tr>
<td title='sanity.SwagLabsWebProducts.test05_verifyAddedItem()'><b>test05_verifyAddedItem</b><br>Test class: sanity.SwagLabsWebProducts<br>Test method: test 05 - Verify Added item</td>
<td></td>
<td>0</td>
<td>sanity.SwagLabsWebProducts@5486887b</td></tr>
<tr>
<td title='sanity.SwagLabsWebProducts.test06_VerifyChangeSort()'><b>test06_VerifyChangeSort</b><br>Test class: sanity.SwagLabsWebProducts<br>Test method: test 06 - Verify sorted items</td>
<td></td>
<td>0</td>
<td>sanity.SwagLabsWebProducts@5486887b</td></tr>
<tr>
<td title='sanity.SwagLabsWebProducts.test06_VerifyPricesAndCompleteOrder()'><b>test06_VerifyPricesAndCompleteOrder</b><br>Test class: sanity.SwagLabsWebProducts<br>Test method: test 06 - Verify Prices</td>
<td></td>
<td>1</td>
<td>sanity.SwagLabsWebProducts@5486887b</td></tr>
<tr>
<td title='sanity.SwagLabsWebProducts.test07_VerifyNumberOfMenuItems()'><b>test07_VerifyNumberOfMenuItems</b><br>Test class: sanity.SwagLabsWebProducts<br>Test method: test 07 - Verify Number Of Menu Items</td>
<td></td>
<td>0</td>
<td>sanity.SwagLabsWebProducts@5486887b</td></tr>
</table><p>
</body>
</html>