<?xml version="1.0" encoding="UTF-8"?>
<!-- Generated by org.testng.reporters.JUnitReportReporter -->
<testsuite hostname="Liozs-iMac" failures="1" tests="6" name="sanity.SwagLabsWebProducts" time="20.228" errors="0" timestamp="2021-04-03T22:22:18 IDT" skipped="0">
  <testcase classname="sanity.SwagLabsWebProducts" name="test05_verifyAddedItem" time="0.429"/>
  <testcase classname="sanity.SwagLabsWebProducts" name="test06_VerifyChangeSort" time="0.291"/>
  <testcase classname="sanity.SwagLabsWebProducts" name="test07_VerifyWebLogo" time="16.352">
    <failure message="Error comparing image file: FindFailed: /Users/liozelinger/Documents/Final project/ImageRepository/SwagLabsLogo.png: (210x44) in R[0,0 2048x1152]@S(0)
  Line 2287, in file Region.java
" type="java.lang.AssertionError">
      <![CDATA[java.lang.AssertionError: Error comparing image file: FindFailed: /Users/liozelinger/Documents/Final project/ImageRepository/SwagLabsLogo.png: (210x44) in R[0,0 2048x1152]@S(0)
  Line 2287, in file Region.java

at org.testng.Assert.fail(Assert.java:97)
at extensions.Verifications.visualElement(Verifications.java:66)
at sanity.SwagLabsWebProducts.test07_VerifyWebLogo(SwagLabsWebProducts.java:69)
at java.base/jdk.internal.reflect.NativeMethodAccessorImpl.invoke0(Native Method)
at java.base/jdk.internal.reflect.NativeMethodAccessorImpl.invoke(NativeMethodAccessorImpl.java:64)
at java.base/jdk.internal.reflect.DelegatingMethodAccessorImpl.invoke(DelegatingMethodAccessorImpl.java:43)
at java.base/java.lang.reflect.Method.invoke(Method.java:564)
at org.testng.internal.MethodInvocationHelper.invokeMethod(MethodInvocationHelper.java:133)
at org.testng.internal.TestInvoker.invokeMethod(TestInvoker.java:584)
at org.testng.internal.TestInvoker.invokeTestMethod(TestInvoker.java:172)
at org.testng.internal.MethodRunner.runInSequence(MethodRunner.java:46)
at org.testng.internal.TestInvoker$MethodInvocationAgent.invoke(TestInvoker.java:804)
at org.testng.internal.TestInvoker.invokeTestMethods(TestInvoker.java:145)
at org.testng.internal.TestMethodWorker.invokeTestMethods(TestMethodWorker.java:146)
at org.testng.internal.TestMethodWorker.run(TestMethodWorker.java:128)
at java.base/java.util.ArrayList.forEach(ArrayList.java:1511)
at org.testng.TestRunner.privateRun(TestRunner.java:770)
at org.testng.TestRunner.run(TestRunner.java:591)
at org.testng.SuiteRunner.runTest(SuiteRunner.java:402)
at org.testng.SuiteRunner.runSequentially(SuiteRunner.java:396)
at org.testng.SuiteRunner.privateRun(SuiteRunner.java:355)
at org.testng.SuiteRunner.run(SuiteRunner.java:304)
at org.testng.SuiteRunnerWorker.runSuite(SuiteRunnerWorker.java:53)
at org.testng.SuiteRunnerWorker.run(SuiteRunnerWorker.java:96)
at org.testng.TestNG.runSuitesSequentially(TestNG.java:1180)
at org.testng.TestNG.runSuitesLocally(TestNG.java:1102)
at org.testng.TestNG.runSuites(TestNG.java:1032)
at org.testng.TestNG.run(TestNG.java:1000)
at org.apache.maven.surefire.testng.TestNGExecutor.run(TestNGExecutor.java:283)
at org.apache.maven.surefire.testng.TestNGXmlTestSuite.execute(TestNGXmlTestSuite.java:75)
at org.apache.maven.surefire.testng.TestNGProvider.invoke(TestNGProvider.java:120)
at org.apache.maven.surefire.booter.ForkedBooter.invokeProviderInSameClassLoader(ForkedBooter.java:384)
at org.apache.maven.surefire.booter.ForkedBooter.runSuitesInProcess(ForkedBooter.java:345)
at org.apache.maven.surefire.booter.ForkedBooter.execute(ForkedBooter.java:126)
at org.apache.maven.surefire.booter.ForkedBooter.main(ForkedBooter.java:418)
]]>
    </failure>
  </testcase> <!-- test07_VerifyWebLogo -->
  <testcase classname="sanity.SwagLabsWebProducts" name="test07_VerifyNumberOfMenuItems" time="0.866"/>
  <testcase classname="sanity.SwagLabsWebProducts" name="test06_VerifyPricesAndCompleteOrder" time="2.032"/>
  <testcase classname="sanity.SwagLabsWebProducts" name="test04_verifyNumberOfItems" time="0.258"/>
</testsuite> <!-- sanity.SwagLabsWebProducts -->
